[15-Nov-2024 13:23:37 UTC] PHP Warning:  mysqli_real_connect(): (HY000/2002): Aucune connexion n’a pu être établie car l’ordinateur cible l’a expressément refusée in D:\Web-Agency\planty\app\public\wp-includes\class-wpdb.php on line 1982
[15-Nov-2024 13:23:37 UTC] PHP Stack trace:
[15-Nov-2024 13:23:37 UTC] PHP   1. {main}() D:\Local\resources\extraResources\bin\wp-cli\wp-cli.phar:0
[15-Nov-2024 13:23:37 UTC] PHP   2. include() D:\Local\resources\extraResources\bin\wp-cli\wp-cli.phar:4
[15-Nov-2024 13:23:37 UTC] PHP   3. include() phar://D:/Local/resources/extraResources/bin/wp-cli/wp-cli.phar/php/boot-phar.php:20
[15-Nov-2024 13:23:37 UTC] PHP   4. WP_CLI\bootstrap() phar://D:/Local/resources/extraResources/bin/wp-cli/wp-cli.phar/vendor/wp-cli/wp-cli/php/wp-cli.php:32
[15-Nov-2024 13:23:37 UTC] PHP   5. WP_CLI\Bootstrap\LaunchRunner->process($state = class WP_CLI\Bootstrap\BootstrapState { private $state = ['context_manager' => class WP_CLI\ContextManager { ... }] }) phar://D:/Local/resources/extraResources/bin/wp-cli/wp-cli.phar/vendor/wp-cli/wp-cli/php/bootstrap.php:83
[15-Nov-2024 13:23:37 UTC] PHP   6. WP_CLI\Runner->start() phar://D:/Local/resources/extraResources/bin/wp-cli/wp-cli.phar/vendor/wp-cli/wp-cli/php/WP_CLI/Bootstrap/LaunchRunner.php:28
[15-Nov-2024 13:23:37 UTC] PHP   7. WP_CLI\Runner->load_wordpress() phar://D:/Local/resources/extraResources/bin/wp-cli/wp-cli.phar/vendor/wp-cli/wp-cli/php/WP_CLI/Runner.php:1293
[15-Nov-2024 13:23:37 UTC] PHP   8. require() phar://D:/Local/resources/extraResources/bin/wp-cli/wp-cli.phar/vendor/wp-cli/wp-cli/php/WP_CLI/Runner.php:1374
[15-Nov-2024 13:23:37 UTC] PHP   9. require_wp_db() D:\Web-Agency\planty\app\public\wp-settings.php:133
[15-Nov-2024 13:23:37 UTC] PHP  10. wpdb->__construct($dbuser = 'root', $dbpassword = 'root', $dbname = 'local', $dbhost = 'localhost') D:\Web-Agency\planty\app\public\wp-includes\load.php:695
[15-Nov-2024 13:23:37 UTC] PHP  11. wpdb->db_connect($allow_bail = *uninitialized*) D:\Web-Agency\planty\app\public\wp-includes\class-wpdb.php:767
[15-Nov-2024 13:23:37 UTC] PHP  12. mysqli_real_connect($mysql = class mysqli { public $client_info = 'mysqlnd 8.3.11'; public $client_version = 80311; public $connect_errno = 2002; public $connect_error = 'Aucune connexion n’a pu être établie car l’ordinateur cible l’a expressément refusée'; public $errno = 2002; public $error = 'Aucune connexion n’a pu être établie car l’ordinateur cible l’a expressément refusée' }, $hostname = 'localhost', $username = 'root', $password = '[Sensitive Parameter]', $database = NULL, $port = NULL, $socket = NULL, $flags = 0) D:\Web-Agency\planty\app\public\wp-includes\class-wpdb.php:1982
[20-Nov-2024 17:03:32 UTC] PHP Warning:  wp_version_check(): Une erreur imprévue s’est produite. Il pourrait y avoir un problème avec WordPress.org ou la configuration de ce serveur. Si vous continuez à rencontrer ce problème, veuillez vous rendre sur les <a href="https://wpfr.net/support">forums de support</a>. (WordPress n’a pas pu établir de connexion sécurisée vers WordPress.org. Veuillez contacter l’administrateur ou l’administratrice de votre serveur.) in D:\Web-Agency\planty\app\public\wp-includes\functions.php on line 6114
[20-Nov-2024 17:03:32 UTC] PHP Warning:  wp_version_check(): Une erreur imprévue s’est produite. Il pourrait y avoir un problème avec WordPress.org ou la configuration de ce serveur. Si vous continuez à rencontrer ce problème, veuillez vous rendre sur les <a href="https://wpfr.net/support">forums de support</a>. (WordPress n’a pas pu établir de connexion sécurisée vers WordPress.org. Veuillez contacter l’administrateur ou l’administratrice de votre serveur.) in D:\Web-Agency\planty\app\public\wp-includes\functions.php on line 6114
[20-Nov-2024 17:03:32 UTC] PHP Warning:  wp_version_check(): Une erreur imprévue s’est produite. Il pourrait y avoir un problème avec WordPress.org ou la configuration de ce serveur. Si vous continuez à rencontrer ce problème, veuillez vous rendre sur les <a href="https://wpfr.net/support">forums de support</a>. (WordPress n’a pas pu établir de connexion sécurisée vers WordPress.org. Veuillez contacter l’administrateur ou l’administratrice de votre serveur.) in D:\Web-Agency\planty\app\public\wp-includes\functions.php on line 6114
[20-Nov-2024 17:03:32 UTC] PHP Stack trace:
[20-Nov-2024 17:03:32 UTC] PHP Stack trace:
[20-Nov-2024 17:03:32 UTC] PHP Stack trace:
[20-Nov-2024 17:03:32 UTC] PHP   1. {main}() D:\Local\resources\extraResources\bin\wp-cli\wp-cli.phar:0
[20-Nov-2024 17:03:32 UTC] PHP   1. {main}() D:\Local\resources\extraResources\bin\wp-cli\wp-cli.phar:0
[20-Nov-2024 17:03:32 UTC] PHP   1. {main}() D:\Local\resources\extraResources\bin\wp-cli\wp-cli.phar:0
[20-Nov-2024 17:03:32 UTC] PHP   2. include() D:\Local\resources\extraResources\bin\wp-cli\wp-cli.phar:4
[20-Nov-2024 17:03:32 UTC] PHP   2. include() D:\Local\resources\extraResources\bin\wp-cli\wp-cli.phar:4
[20-Nov-2024 17:03:32 UTC] PHP   2. include() D:\Local\resources\extraResources\bin\wp-cli\wp-cli.phar:4
[20-Nov-2024 17:03:32 UTC] PHP   3. include() phar://D:/Local/resources/extraResources/bin/wp-cli/wp-cli.phar/php/boot-phar.php:20
[20-Nov-2024 17:03:32 UTC] PHP   3. include() phar://D:/Local/resources/extraResources/bin/wp-cli/wp-cli.phar/php/boot-phar.php:20
[20-Nov-2024 17:03:32 UTC] PHP   3. include() phar://D:/Local/resources/extraResources/bin/wp-cli/wp-cli.phar/php/boot-phar.php:20
[20-Nov-2024 17:03:32 UTC] PHP   4. WP_CLI\bootstrap() phar://D:/Local/resources/extraResources/bin/wp-cli/wp-cli.phar/vendor/wp-cli/wp-cli/php/wp-cli.php:32
[20-Nov-2024 17:03:32 UTC] PHP   4. WP_CLI\bootstrap() phar://D:/Local/resources/extraResources/bin/wp-cli/wp-cli.phar/vendor/wp-cli/wp-cli/php/wp-cli.php:32
[20-Nov-2024 17:03:32 UTC] PHP   4. WP_CLI\bootstrap() phar://D:/Local/resources/extraResources/bin/wp-cli/wp-cli.phar/vendor/wp-cli/wp-cli/php/wp-cli.php:32
[20-Nov-2024 17:03:32 UTC] PHP   5. WP_CLI\Bootstrap\LaunchRunner->process($state = class WP_CLI\Bootstrap\BootstrapState { private $state = ['context_manager' => class WP_CLI\ContextManager { ... }] }) phar://D:/Local/resources/extraResources/bin/wp-cli/wp-cli.phar/vendor/wp-cli/wp-cli/php/bootstrap.php:83
[20-Nov-2024 17:03:32 UTC] PHP   5. WP_CLI\Bootstrap\LaunchRunner->process($state = class WP_CLI\Bootstrap\BootstrapState { private $state = ['context_manager' => class WP_CLI\ContextManager { ... }] }) phar://D:/Local/resources/extraResources/bin/wp-cli/wp-cli.phar/vendor/wp-cli/wp-cli/php/bootstrap.php:83
[20-Nov-2024 17:03:32 UTC] PHP   5. WP_CLI\Bootstrap\LaunchRunner->process($state = class WP_CLI\Bootstrap\BootstrapState { private $state = ['context_manager' => class WP_CLI\ContextManager { ... }] }) phar://D:/Local/resources/extraResources/bin/wp-cli/wp-cli.phar/vendor/wp-cli/wp-cli/php/bootstrap.php:83
[20-Nov-2024 17:03:32 UTC] PHP   6. WP_CLI\Runner->start() phar://D:/Local/resources/extraResources/bin/wp-cli/wp-cli.phar/vendor/wp-cli/wp-cli/php/WP_CLI/Bootstrap/LaunchRunner.php:28
[20-Nov-2024 17:03:32 UTC] PHP   6. WP_CLI\Runner->start() phar://D:/Local/resources/extraResources/bin/wp-cli/wp-cli.phar/vendor/wp-cli/wp-cli/php/WP_CLI/Bootstrap/LaunchRunner.php:28
[20-Nov-2024 17:03:32 UTC] PHP   6. WP_CLI\Runner->start() phar://D:/Local/resources/extraResources/bin/wp-cli/wp-cli.phar/vendor/wp-cli/wp-cli/php/WP_CLI/Bootstrap/LaunchRunner.php:28
[20-Nov-2024 17:03:32 UTC] PHP   7. WP_CLI\Runner->run_command_and_exit($help_exit_warning = *uninitialized*) phar://D:/Local/resources/extraResources/bin/wp-cli/wp-cli.phar/vendor/wp-cli/wp-cli/php/WP_CLI/Runner.php:1295
[20-Nov-2024 17:03:32 UTC] PHP   7. WP_CLI\Runner->run_command_and_exit($help_exit_warning = *uninitialized*) phar://D:/Local/resources/extraResources/bin/wp-cli/wp-cli.phar/vendor/wp-cli/wp-cli/php/WP_CLI/Runner.php:1295
[20-Nov-2024 17:03:32 UTC] PHP   7. WP_CLI\Runner->run_command_and_exit($help_exit_warning = *uninitialized*) phar://D:/Local/resources/extraResources/bin/wp-cli/wp-cli.phar/vendor/wp-cli/wp-cli/php/WP_CLI/Runner.php:1295
[20-Nov-2024 17:03:32 UTC] PHP   8. WP_CLI\Runner->run_command($args = [0 => 'core', 1 => 'check-update'], $assoc_args = ['field' => 'version'], $options = *uninitialized*) phar://D:/Local/resources/extraResources/bin/wp-cli/wp-cli.phar/vendor/wp-cli/wp-cli/php/WP_CLI/Runner.php:464
[20-Nov-2024 17:03:32 UTC] PHP   8. WP_CLI\Runner->run_command($args = [0 => 'core', 1 => 'check-update'], $assoc_args = ['field' => 'version'], $options = *uninitialized*) phar://D:/Local/resources/extraResources/bin/wp-cli/wp-cli.phar/vendor/wp-cli/wp-cli/php/WP_CLI/Runner.php:464
[20-Nov-2024 17:03:32 UTC] PHP   8. WP_CLI\Runner->run_command($args = [0 => 'core', 1 => 'check-update'], $assoc_args = ['field' => 'version'], $options = *uninitialized*) phar://D:/Local/resources/extraResources/bin/wp-cli/wp-cli.phar/vendor/wp-cli/wp-cli/php/WP_CLI/Runner.php:464
[20-Nov-2024 17:03:32 UTC] PHP   9. WP_CLI\Dispatcher\Subcommand->invoke($args = [], $assoc_args = ['field' => 'version'], $extra_args = []) phar://D:/Local/resources/extraResources/bin/wp-cli/wp-cli.phar/vendor/wp-cli/wp-cli/php/WP_CLI/Runner.php:441
[20-Nov-2024 17:03:32 UTC] PHP   9. WP_CLI\Dispatcher\Subcommand->invoke($args = [], $assoc_args = ['field' => 'version'], $extra_args = []) phar://D:/Local/resources/extraResources/bin/wp-cli/wp-cli.phar/vendor/wp-cli/wp-cli/php/WP_CLI/Runner.php:441
[20-Nov-2024 17:03:32 UTC] PHP   9. WP_CLI\Dispatcher\Subcommand->invoke($args = [], $assoc_args = ['field' => 'version'], $extra_args = []) phar://D:/Local/resources/extraResources/bin/wp-cli/wp-cli.phar/vendor/wp-cli/wp-cli/php/WP_CLI/Runner.php:441
[20-Nov-2024 17:03:32 UTC] PHP  10. call_user_func:{phar://D:/Local/resources/extraResources/bin/wp-cli/wp-cli.phar/vendor/wp-cli/wp-cli/php/WP_CLI/Dispatcher/Subcommand.php:497}($callback = class Closure { public $static = ['callable' => [...]]; public $parameter = ['$args' => '<required>', '$assoc_args' => '<required>'] }, ...$args = variadic(['field' => 'version', 'format' => 'table'])) phar://D:/Local/resources/extraResources/bin/wp-cli/wp-cli.phar/vendor/wp-cli/wp-cli/php/WP_CLI/Dispatcher/Subcommand.php:497
[20-Nov-2024 17:03:32 UTC] PHP  10. call_user_func:{phar://D:/Local/resources/extraResources/bin/wp-cli/wp-cli.phar/vendor/wp-cli/wp-cli/php/WP_CLI/Dispatcher/Subcommand.php:497}($callback = class Closure { public $static = ['callable' => [...]]; public $parameter = ['$args' => '<required>', '$assoc_args' => '<required>'] }, ...$args = variadic(['field' => 'version', 'format' => 'table'])) phar://D:/Local/resources/extraResources/bin/wp-cli/wp-cli.phar/vendor/wp-cli/wp-cli/php/WP_CLI/Dispatcher/Subcommand.php:497
[20-Nov-2024 17:03:32 UTC] PHP  10. call_user_func:{phar://D:/Local/resources/extraResources/bin/wp-cli/wp-cli.phar/vendor/wp-cli/wp-cli/php/WP_CLI/Dispatcher/Subcommand.php:497}($callback = class Closure { public $static = ['callable' => [...]]; public $parameter = ['$args' => '<required>', '$assoc_args' => '<required>'] }, ...$args = variadic(['field' => 'version', 'format' => 'table'])) phar://D:/Local/resources/extraResources/bin/wp-cli/wp-cli.phar/vendor/wp-cli/wp-cli/php/WP_CLI/Dispatcher/Subcommand.php:497
[20-Nov-2024 17:03:32 UTC] PHP  11. WP_CLI\Dispatcher\CommandFactory::WP_CLI\Dispatcher\{closure:phar://D:/Local/resources/extraResources/bin/wp-cli/wp-cli.phar/vendor/wp-cli/wp-cli/php/WP_CLI/Dispatcher/CommandFactory.php:97-104}($args = [], $assoc_args = ['field' => 'version', 'format' => 'table']) phar://D:/Local/resources/extraResources/bin/wp-cli/wp-cli.phar/vendor/wp-cli/wp-cli/php/WP_CLI/Dispatcher/Subcommand.php:497
[20-Nov-2024 17:03:32 UTC] PHP  11. WP_CLI\Dispatcher\CommandFactory::WP_CLI\Dispatcher\{closure:phar://D:/Local/resources/extraResources/bin/wp-cli/wp-cli.phar/vendor/wp-cli/wp-cli/php/WP_CLI/Dispatcher/CommandFactory.php:97-104}($args = [], $assoc_args = ['field' => 'version', 'format' => 'table']) phar://D:/Local/resources/extraResources/bin/wp-cli/wp-cli.phar/vendor/wp-cli/wp-cli/php/WP_CLI/Dispatcher/Subcommand.php:497
[20-Nov-2024 17:03:32 UTC] PHP  12. call_user_func:{phar://D:/Local/resources/extraResources/bin/wp-cli/wp-cli.phar/vendor/wp-cli/wp-cli/php/WP_CLI/Dispatcher/CommandFactory.php:100}($callback = [0 => class Core_Command {  }, 1 => 'check_update'], ...$args = variadic(['field' => 'version', 'format' => 'table'])) phar://D:/Local/resources/extraResources/bin/wp-cli/wp-cli.phar/vendor/wp-cli/wp-cli/php/WP_CLI/Dispatcher/CommandFactory.php:100
[20-Nov-2024 17:03:32 UTC] PHP  11. WP_CLI\Dispatcher\CommandFactory::WP_CLI\Dispatcher\{closure:phar://D:/Local/resources/extraResources/bin/wp-cli/wp-cli.phar/vendor/wp-cli/wp-cli/php/WP_CLI/Dispatcher/CommandFactory.php:97-104}($args = [], $assoc_args = ['field' => 'version', 'format' => 'table']) phar://D:/Local/resources/extraResources/bin/wp-cli/wp-cli.phar/vendor/wp-cli/wp-cli/php/WP_CLI/Dispatcher/Subcommand.php:497
[20-Nov-2024 17:03:32 UTC] PHP  12. call_user_func:{phar://D:/Local/resources/extraResources/bin/wp-cli/wp-cli.phar/vendor/wp-cli/wp-cli/php/WP_CLI/Dispatcher/CommandFactory.php:100}($callback = [0 => class Core_Command {  }, 1 => 'check_update'], ...$args = variadic(['field' => 'version', 'format' => 'table'])) phar://D:/Local/resources/extraResources/bin/wp-cli/wp-cli.phar/vendor/wp-cli/wp-cli/php/WP_CLI/Dispatcher/CommandFactory.php:100
[20-Nov-2024 17:03:32 UTC] PHP  13. Core_Command->check_update($_ = [], $assoc_args = ['field' => 'version', 'format' => 'table']) phar://D:/Local/resources/extraResources/bin/wp-cli/wp-cli.phar/vendor/wp-cli/wp-cli/php/WP_CLI/Dispatcher/CommandFactory.php:100
[20-Nov-2024 17:03:32 UTC] PHP  13. Core_Command->check_update($_ = [], $assoc_args = ['field' => 'version', 'format' => 'table']) phar://D:/Local/resources/extraResources/bin/wp-cli/wp-cli.phar/vendor/wp-cli/wp-cli/php/WP_CLI/Dispatcher/CommandFactory.php:100
[20-Nov-2024 17:03:32 UTC] PHP  12. call_user_func:{phar://D:/Local/resources/extraResources/bin/wp-cli/wp-cli.phar/vendor/wp-cli/wp-cli/php/WP_CLI/Dispatcher/CommandFactory.php:100}($callback = [0 => class Core_Command {  }, 1 => 'check_update'], ...$args = variadic(['field' => 'version', 'format' => 'table'])) phar://D:/Local/resources/extraResources/bin/wp-cli/wp-cli.phar/vendor/wp-cli/wp-cli/php/WP_CLI/Dispatcher/CommandFactory.php:100
[20-Nov-2024 17:03:32 UTC] PHP  14. Core_Command->get_updates($assoc_args = ['field' => 'version', 'format' => 'table']) phar://D:/Local/resources/extraResources/bin/wp-cli/wp-cli.phar/vendor/wp-cli/core-command/src/Core_Command.php:81
[20-Nov-2024 17:03:32 UTC] PHP  14. Core_Command->get_updates($assoc_args = ['field' => 'version', 'format' => 'table']) phar://D:/Local/resources/extraResources/bin/wp-cli/wp-cli.phar/vendor/wp-cli/core-command/src/Core_Command.php:81
[20-Nov-2024 17:03:32 UTC] PHP  15. wp_version_check($extra_stats = [], $force_check = NULL) phar://D:/Local/resources/extraResources/bin/wp-cli/wp-cli.phar/vendor/wp-cli/core-command/src/Core_Command.php:1361
[20-Nov-2024 17:03:32 UTC] PHP  13. Core_Command->check_update($_ = [], $assoc_args = ['field' => 'version', 'format' => 'table']) phar://D:/Local/resources/extraResources/bin/wp-cli/wp-cli.phar/vendor/wp-cli/wp-cli/php/WP_CLI/Dispatcher/CommandFactory.php:100
[20-Nov-2024 17:03:32 UTC] PHP  15. wp_version_check($extra_stats = [], $force_check = NULL) phar://D:/Local/resources/extraResources/bin/wp-cli/wp-cli.phar/vendor/wp-cli/core-command/src/Core_Command.php:1361
[20-Nov-2024 17:03:32 UTC] PHP  14. Core_Command->get_updates($assoc_args = ['field' => 'version', 'format' => 'table']) phar://D:/Local/resources/extraResources/bin/wp-cli/wp-cli.phar/vendor/wp-cli/core-command/src/Core_Command.php:81
[20-Nov-2024 17:03:32 UTC] PHP  16. wp_trigger_error($function_name = 'wp_version_check', $message = 'Une erreur imprévue s’est produite. Il pourrait y avoir un problème avec WordPress.org ou la configuration de ce serveur. Si vous continuez à rencontrer ce problème, veuillez vous rendre sur les <a href="https://wpfr.net/support">forums de support</a>. (WordPress n’a pas pu établir de connexion sécurisée vers WordPress.org. Veuillez contacter l’administrateur ou l’administratrice de votre serveur.)', $error_level = 512) D:\Web-Agency\planty\app\public\wp-includes\update.php:207
[20-Nov-2024 17:03:32 UTC] PHP  16. wp_trigger_error($function_name = 'wp_version_check', $message = 'Une erreur imprévue s’est produite. Il pourrait y avoir un problème avec WordPress.org ou la configuration de ce serveur. Si vous continuez à rencontrer ce problème, veuillez vous rendre sur les <a href="https://wpfr.net/support">forums de support</a>. (WordPress n’a pas pu établir de connexion sécurisée vers WordPress.org. Veuillez contacter l’administrateur ou l’administratrice de votre serveur.)', $error_level = 512) D:\Web-Agency\planty\app\public\wp-includes\update.php:207
[20-Nov-2024 17:03:32 UTC] PHP  15. wp_version_check($extra_stats = [], $force_check = NULL) phar://D:/Local/resources/extraResources/bin/wp-cli/wp-cli.phar/vendor/wp-cli/core-command/src/Core_Command.php:1361
[20-Nov-2024 17:03:32 UTC] PHP  17. trigger_error($message = 'wp_version_check(): Une erreur imprévue s’est produite. Il pourrait y avoir un problème avec WordPress.org ou la configuration de ce serveur. Si vous continuez à rencontrer ce problème, veuillez vous rendre sur les <a href="https://wpfr.net/support">forums de support</a>. (WordPress n’a pas pu établir de connexion sécurisée vers WordPress.org. Veuillez contacter l’administrateur ou l’administratrice de votre serveur.)', $error_level = 512) D:\Web-Agency\planty\app\public\wp-includes\functions.php:6114
[20-Nov-2024 17:03:32 UTC] PHP  17. trigger_error($message = 'wp_version_check(): Une erreur imprévue s’est produite. Il pourrait y avoir un problème avec WordPress.org ou la configuration de ce serveur. Si vous continuez à rencontrer ce problème, veuillez vous rendre sur les <a href="https://wpfr.net/support">forums de support</a>. (WordPress n’a pas pu établir de connexion sécurisée vers WordPress.org. Veuillez contacter l’administrateur ou l’administratrice de votre serveur.)', $error_level = 512) D:\Web-Agency\planty\app\public\wp-includes\functions.php:6114
[20-Nov-2024 17:03:32 UTC] PHP  16. wp_trigger_error($function_name = 'wp_version_check', $message = 'Une erreur imprévue s’est produite. Il pourrait y avoir un problème avec WordPress.org ou la configuration de ce serveur. Si vous continuez à rencontrer ce problème, veuillez vous rendre sur les <a href="https://wpfr.net/support">forums de support</a>. (WordPress n’a pas pu établir de connexion sécurisée vers WordPress.org. Veuillez contacter l’administrateur ou l’administratrice de votre serveur.)', $error_level = 512) D:\Web-Agency\planty\app\public\wp-includes\update.php:207
[20-Nov-2024 17:03:32 UTC] PHP  17. trigger_error($message = 'wp_version_check(): Une erreur imprévue s’est produite. Il pourrait y avoir un problème avec WordPress.org ou la configuration de ce serveur. Si vous continuez à rencontrer ce problème, veuillez vous rendre sur les <a href="https://wpfr.net/support">forums de support</a>. (WordPress n’a pas pu établir de connexion sécurisée vers WordPress.org. Veuillez contacter l’administrateur ou l’administratrice de votre serveur.)', $error_level = 512) D:\Web-Agency\planty\app\public\wp-includes\functions.php:6114
[20-Nov-2024 17:04:54 UTC] PHP Warning:  wp_version_check(): Une erreur imprévue s’est produite. Il pourrait y avoir un problème avec WordPress.org ou la configuration de ce serveur. Si vous continuez à rencontrer ce problème, veuillez vous rendre sur les <a href="https://wpfr.net/support">forums de support</a>. (WordPress n’a pas pu établir de connexion sécurisée vers WordPress.org. Veuillez contacter l’administrateur ou l’administratrice de votre serveur.) in D:\Web-Agency\planty\app\public\wp-includes\functions.php on line 6114
[20-Nov-2024 17:04:54 UTC] PHP Stack trace:
[20-Nov-2024 17:04:54 UTC] PHP   1. {main}() D:\Local\resources\extraResources\bin\wp-cli\wp-cli.phar:0
[20-Nov-2024 17:04:54 UTC] PHP   2. include() D:\Local\resources\extraResources\bin\wp-cli\wp-cli.phar:4
[20-Nov-2024 17:04:54 UTC] PHP   3. include() phar://D:/Local/resources/extraResources/bin/wp-cli/wp-cli.phar/php/boot-phar.php:20
[20-Nov-2024 17:04:54 UTC] PHP   4. WP_CLI\bootstrap() phar://D:/Local/resources/extraResources/bin/wp-cli/wp-cli.phar/vendor/wp-cli/wp-cli/php/wp-cli.php:32
[20-Nov-2024 17:04:54 UTC] PHP   5. WP_CLI\Bootstrap\LaunchRunner->process($state = class WP_CLI\Bootstrap\BootstrapState { private $state = ['context_manager' => class WP_CLI\ContextManager { ... }] }) phar://D:/Local/resources/extraResources/bin/wp-cli/wp-cli.phar/vendor/wp-cli/wp-cli/php/bootstrap.php:83
[20-Nov-2024 17:04:54 UTC] PHP   6. WP_CLI\Runner->start() phar://D:/Local/resources/extraResources/bin/wp-cli/wp-cli.phar/vendor/wp-cli/wp-cli/php/WP_CLI/Bootstrap/LaunchRunner.php:28
[20-Nov-2024 17:04:54 UTC] PHP   7. WP_CLI\Runner->run_command_and_exit($help_exit_warning = *uninitialized*) phar://D:/Local/resources/extraResources/bin/wp-cli/wp-cli.phar/vendor/wp-cli/wp-cli/php/WP_CLI/Runner.php:1295
[20-Nov-2024 17:04:54 UTC] PHP   8. WP_CLI\Runner->run_command($args = [0 => 'core', 1 => 'check-update'], $assoc_args = ['field' => 'version'], $options = *uninitialized*) phar://D:/Local/resources/extraResources/bin/wp-cli/wp-cli.phar/vendor/wp-cli/wp-cli/php/WP_CLI/Runner.php:464
[20-Nov-2024 17:04:54 UTC] PHP   9. WP_CLI\Dispatcher\Subcommand->invoke($args = [], $assoc_args = ['field' => 'version'], $extra_args = []) phar://D:/Local/resources/extraResources/bin/wp-cli/wp-cli.phar/vendor/wp-cli/wp-cli/php/WP_CLI/Runner.php:441
[20-Nov-2024 17:04:54 UTC] PHP  10. call_user_func:{phar://D:/Local/resources/extraResources/bin/wp-cli/wp-cli.phar/vendor/wp-cli/wp-cli/php/WP_CLI/Dispatcher/Subcommand.php:497}($callback = class Closure { public $static = ['callable' => [...]]; public $parameter = ['$args' => '<required>', '$assoc_args' => '<required>'] }, ...$args = variadic(['field' => 'version', 'format' => 'table'])) phar://D:/Local/resources/extraResources/bin/wp-cli/wp-cli.phar/vendor/wp-cli/wp-cli/php/WP_CLI/Dispatcher/Subcommand.php:497
[20-Nov-2024 17:04:54 UTC] PHP  11. WP_CLI\Dispatcher\CommandFactory::WP_CLI\Dispatcher\{closure:phar://D:/Local/resources/extraResources/bin/wp-cli/wp-cli.phar/vendor/wp-cli/wp-cli/php/WP_CLI/Dispatcher/CommandFactory.php:97-104}($args = [], $assoc_args = ['field' => 'version', 'format' => 'table']) phar://D:/Local/resources/extraResources/bin/wp-cli/wp-cli.phar/vendor/wp-cli/wp-cli/php/WP_CLI/Dispatcher/Subcommand.php:497
[20-Nov-2024 17:04:54 UTC] PHP  12. call_user_func:{phar://D:/Local/resources/extraResources/bin/wp-cli/wp-cli.phar/vendor/wp-cli/wp-cli/php/WP_CLI/Dispatcher/CommandFactory.php:100}($callback = [0 => class Core_Command {  }, 1 => 'check_update'], ...$args = variadic(['field' => 'version', 'format' => 'table'])) phar://D:/Local/resources/extraResources/bin/wp-cli/wp-cli.phar/vendor/wp-cli/wp-cli/php/WP_CLI/Dispatcher/CommandFactory.php:100
[20-Nov-2024 17:04:54 UTC] PHP  13. Core_Command->check_update($_ = [], $assoc_args = ['field' => 'version', 'format' => 'table']) phar://D:/Local/resources/extraResources/bin/wp-cli/wp-cli.phar/vendor/wp-cli/wp-cli/php/WP_CLI/Dispatcher/CommandFactory.php:100
[20-Nov-2024 17:04:54 UTC] PHP  14. Core_Command->get_updates($assoc_args = ['field' => 'version', 'format' => 'table']) phar://D:/Local/resources/extraResources/bin/wp-cli/wp-cli.phar/vendor/wp-cli/core-command/src/Core_Command.php:81
[20-Nov-2024 17:04:54 UTC] PHP  15. wp_version_check($extra_stats = [], $force_check = NULL) phar://D:/Local/resources/extraResources/bin/wp-cli/wp-cli.phar/vendor/wp-cli/core-command/src/Core_Command.php:1361
[20-Nov-2024 17:04:54 UTC] PHP  16. wp_trigger_error($function_name = 'wp_version_check', $message = 'Une erreur imprévue s’est produite. Il pourrait y avoir un problème avec WordPress.org ou la configuration de ce serveur. Si vous continuez à rencontrer ce problème, veuillez vous rendre sur les <a href="https://wpfr.net/support">forums de support</a>. (WordPress n’a pas pu établir de connexion sécurisée vers WordPress.org. Veuillez contacter l’administrateur ou l’administratrice de votre serveur.)', $error_level = 512) D:\Web-Agency\planty\app\public\wp-includes\update.php:207
[20-Nov-2024 17:04:54 UTC] PHP  17. trigger_error($message = 'wp_version_check(): Une erreur imprévue s’est produite. Il pourrait y avoir un problème avec WordPress.org ou la configuration de ce serveur. Si vous continuez à rencontrer ce problème, veuillez vous rendre sur les <a href="https://wpfr.net/support">forums de support</a>. (WordPress n’a pas pu établir de connexion sécurisée vers WordPress.org. Veuillez contacter l’administrateur ou l’administratrice de votre serveur.)', $error_level = 512) D:\Web-Agency\planty\app\public\wp-includes\functions.php:6114
[20-Nov-2024 17:05:59 UTC] PHP Warning:  wp_version_check(): Une erreur imprévue s’est produite. Il pourrait y avoir un problème avec WordPress.org ou la configuration de ce serveur. Si vous continuez à rencontrer ce problème, veuillez vous rendre sur les <a href="https://wpfr.net/support">forums de support</a>. (WordPress n’a pas pu établir de connexion sécurisée vers WordPress.org. Veuillez contacter l’administrateur ou l’administratrice de votre serveur.) in D:\Web-Agency\planty\app\public\wp-includes\functions.php on line 6114
[20-Nov-2024 17:05:59 UTC] PHP Stack trace:
[20-Nov-2024 17:05:59 UTC] PHP   1. {main}() D:\Local\resources\extraResources\bin\wp-cli\wp-cli.phar:0
[20-Nov-2024 17:05:59 UTC] PHP   2. include() D:\Local\resources\extraResources\bin\wp-cli\wp-cli.phar:4
[20-Nov-2024 17:05:59 UTC] PHP   3. include() phar://D:/Local/resources/extraResources/bin/wp-cli/wp-cli.phar/php/boot-phar.php:20
[20-Nov-2024 17:05:59 UTC] PHP   4. WP_CLI\bootstrap() phar://D:/Local/resources/extraResources/bin/wp-cli/wp-cli.phar/vendor/wp-cli/wp-cli/php/wp-cli.php:32
[20-Nov-2024 17:05:59 UTC] PHP   5. WP_CLI\Bootstrap\LaunchRunner->process($state = class WP_CLI\Bootstrap\BootstrapState { private $state = ['context_manager' => class WP_CLI\ContextManager { ... }] }) phar://D:/Local/resources/extraResources/bin/wp-cli/wp-cli.phar/vendor/wp-cli/wp-cli/php/bootstrap.php:83
[20-Nov-2024 17:05:59 UTC] PHP   6. WP_CLI\Runner->start() phar://D:/Local/resources/extraResources/bin/wp-cli/wp-cli.phar/vendor/wp-cli/wp-cli/php/WP_CLI/Bootstrap/LaunchRunner.php:28
[20-Nov-2024 17:05:59 UTC] PHP   7. WP_CLI\Runner->run_command_and_exit($help_exit_warning = *uninitialized*) phar://D:/Local/resources/extraResources/bin/wp-cli/wp-cli.phar/vendor/wp-cli/wp-cli/php/WP_CLI/Runner.php:1295
[20-Nov-2024 17:05:59 UTC] PHP   8. WP_CLI\Runner->run_command($args = [0 => 'core', 1 => 'check-update'], $assoc_args = ['field' => 'version'], $options = *uninitialized*) phar://D:/Local/resources/extraResources/bin/wp-cli/wp-cli.phar/vendor/wp-cli/wp-cli/php/WP_CLI/Runner.php:464
[20-Nov-2024 17:05:59 UTC] PHP   9. WP_CLI\Dispatcher\Subcommand->invoke($args = [], $assoc_args = ['field' => 'version'], $extra_args = []) phar://D:/Local/resources/extraResources/bin/wp-cli/wp-cli.phar/vendor/wp-cli/wp-cli/php/WP_CLI/Runner.php:441
[20-Nov-2024 17:05:59 UTC] PHP  10. call_user_func:{phar://D:/Local/resources/extraResources/bin/wp-cli/wp-cli.phar/vendor/wp-cli/wp-cli/php/WP_CLI/Dispatcher/Subcommand.php:497}($callback = class Closure { public $static = ['callable' => [...]]; public $parameter = ['$args' => '<required>', '$assoc_args' => '<required>'] }, ...$args = variadic(['field' => 'version', 'format' => 'table'])) phar://D:/Local/resources/extraResources/bin/wp-cli/wp-cli.phar/vendor/wp-cli/wp-cli/php/WP_CLI/Dispatcher/Subcommand.php:497
[20-Nov-2024 17:05:59 UTC] PHP  11. WP_CLI\Dispatcher\CommandFactory::WP_CLI\Dispatcher\{closure:phar://D:/Local/resources/extraResources/bin/wp-cli/wp-cli.phar/vendor/wp-cli/wp-cli/php/WP_CLI/Dispatcher/CommandFactory.php:97-104}($args = [], $assoc_args = ['field' => 'version', 'format' => 'table']) phar://D:/Local/resources/extraResources/bin/wp-cli/wp-cli.phar/vendor/wp-cli/wp-cli/php/WP_CLI/Dispatcher/Subcommand.php:497
[20-Nov-2024 17:05:59 UTC] PHP  12. call_user_func:{phar://D:/Local/resources/extraResources/bin/wp-cli/wp-cli.phar/vendor/wp-cli/wp-cli/php/WP_CLI/Dispatcher/CommandFactory.php:100}($callback = [0 => class Core_Command {  }, 1 => 'check_update'], ...$args = variadic(['field' => 'version', 'format' => 'table'])) phar://D:/Local/resources/extraResources/bin/wp-cli/wp-cli.phar/vendor/wp-cli/wp-cli/php/WP_CLI/Dispatcher/CommandFactory.php:100
[20-Nov-2024 17:05:59 UTC] PHP  13. Core_Command->check_update($_ = [], $assoc_args = ['field' => 'version', 'format' => 'table']) phar://D:/Local/resources/extraResources/bin/wp-cli/wp-cli.phar/vendor/wp-cli/wp-cli/php/WP_CLI/Dispatcher/CommandFactory.php:100
[20-Nov-2024 17:05:59 UTC] PHP  14. Core_Command->get_updates($assoc_args = ['field' => 'version', 'format' => 'table']) phar://D:/Local/resources/extraResources/bin/wp-cli/wp-cli.phar/vendor/wp-cli/core-command/src/Core_Command.php:81
[20-Nov-2024 17:05:59 UTC] PHP  15. wp_version_check($extra_stats = [], $force_check = NULL) phar://D:/Local/resources/extraResources/bin/wp-cli/wp-cli.phar/vendor/wp-cli/core-command/src/Core_Command.php:1361
[20-Nov-2024 17:05:59 UTC] PHP  16. wp_trigger_error($function_name = 'wp_version_check', $message = 'Une erreur imprévue s’est produite. Il pourrait y avoir un problème avec WordPress.org ou la configuration de ce serveur. Si vous continuez à rencontrer ce problème, veuillez vous rendre sur les <a href="https://wpfr.net/support">forums de support</a>. (WordPress n’a pas pu établir de connexion sécurisée vers WordPress.org. Veuillez contacter l’administrateur ou l’administratrice de votre serveur.)', $error_level = 512) D:\Web-Agency\planty\app\public\wp-includes\update.php:207
[20-Nov-2024 17:05:59 UTC] PHP  17. trigger_error($message = 'wp_version_check(): Une erreur imprévue s’est produite. Il pourrait y avoir un problème avec WordPress.org ou la configuration de ce serveur. Si vous continuez à rencontrer ce problème, veuillez vous rendre sur les <a href="https://wpfr.net/support">forums de support</a>. (WordPress n’a pas pu établir de connexion sécurisée vers WordPress.org. Veuillez contacter l’administrateur ou l’administratrice de votre serveur.)', $error_level = 512) D:\Web-Agency\planty\app\public\wp-includes\functions.php:6114
[20-Nov-2024 17:17:43 UTC] PHP Warning:  wp_version_check(): Une erreur imprévue s’est produite. Il pourrait y avoir un problème avec WordPress.org ou la configuration de ce serveur. Si vous continuez à rencontrer ce problème, veuillez vous rendre sur les <a href="https://wpfr.net/support">forums de support</a>. (WordPress n’a pas pu établir de connexion sécurisée vers WordPress.org. Veuillez contacter l’administrateur ou l’administratrice de votre serveur.) in D:\Web-Agency\planty\app\public\wp-includes\functions.php on line 6114
[20-Nov-2024 17:17:43 UTC] PHP Stack trace:
[20-Nov-2024 17:17:43 UTC] PHP   1. {main}() D:\Local\resources\extraResources\bin\wp-cli\wp-cli.phar:0
[20-Nov-2024 17:17:43 UTC] PHP   2. include() D:\Local\resources\extraResources\bin\wp-cli\wp-cli.phar:4
[20-Nov-2024 17:17:43 UTC] PHP   3. include() phar://D:/Local/resources/extraResources/bin/wp-cli/wp-cli.phar/php/boot-phar.php:20
[20-Nov-2024 17:17:43 UTC] PHP   4. WP_CLI\bootstrap() phar://D:/Local/resources/extraResources/bin/wp-cli/wp-cli.phar/vendor/wp-cli/wp-cli/php/wp-cli.php:32
[20-Nov-2024 17:17:43 UTC] PHP   5. WP_CLI\Bootstrap\LaunchRunner->process($state = class WP_CLI\Bootstrap\BootstrapState { private $state = ['context_manager' => class WP_CLI\ContextManager { ... }] }) phar://D:/Local/resources/extraResources/bin/wp-cli/wp-cli.phar/vendor/wp-cli/wp-cli/php/bootstrap.php:83
[20-Nov-2024 17:17:43 UTC] PHP   6. WP_CLI\Runner->start() phar://D:/Local/resources/extraResources/bin/wp-cli/wp-cli.phar/vendor/wp-cli/wp-cli/php/WP_CLI/Bootstrap/LaunchRunner.php:28
[20-Nov-2024 17:17:43 UTC] PHP   7. WP_CLI\Runner->run_command_and_exit($help_exit_warning = *uninitialized*) phar://D:/Local/resources/extraResources/bin/wp-cli/wp-cli.phar/vendor/wp-cli/wp-cli/php/WP_CLI/Runner.php:1295
[20-Nov-2024 17:17:43 UTC] PHP   8. WP_CLI\Runner->run_command($args = [0 => 'core', 1 => 'check-update'], $assoc_args = ['field' => 'version'], $options = *uninitialized*) phar://D:/Local/resources/extraResources/bin/wp-cli/wp-cli.phar/vendor/wp-cli/wp-cli/php/WP_CLI/Runner.php:464
[20-Nov-2024 17:17:43 UTC] PHP   9. WP_CLI\Dispatcher\Subcommand->invoke($args = [], $assoc_args = ['field' => 'version'], $extra_args = []) phar://D:/Local/resources/extraResources/bin/wp-cli/wp-cli.phar/vendor/wp-cli/wp-cli/php/WP_CLI/Runner.php:441
[20-Nov-2024 17:17:43 UTC] PHP  10. call_user_func:{phar://D:/Local/resources/extraResources/bin/wp-cli/wp-cli.phar/vendor/wp-cli/wp-cli/php/WP_CLI/Dispatcher/Subcommand.php:497}($callback = class Closure { public $static = ['callable' => [...]]; public $parameter = ['$args' => '<required>', '$assoc_args' => '<required>'] }, ...$args = variadic(['field' => 'version', 'format' => 'table'])) phar://D:/Local/resources/extraResources/bin/wp-cli/wp-cli.phar/vendor/wp-cli/wp-cli/php/WP_CLI/Dispatcher/Subcommand.php:497
[20-Nov-2024 17:17:43 UTC] PHP  11. WP_CLI\Dispatcher\CommandFactory::WP_CLI\Dispatcher\{closure:phar://D:/Local/resources/extraResources/bin/wp-cli/wp-cli.phar/vendor/wp-cli/wp-cli/php/WP_CLI/Dispatcher/CommandFactory.php:97-104}($args = [], $assoc_args = ['field' => 'version', 'format' => 'table']) phar://D:/Local/resources/extraResources/bin/wp-cli/wp-cli.phar/vendor/wp-cli/wp-cli/php/WP_CLI/Dispatcher/Subcommand.php:497
[20-Nov-2024 17:17:43 UTC] PHP  12. call_user_func:{phar://D:/Local/resources/extraResources/bin/wp-cli/wp-cli.phar/vendor/wp-cli/wp-cli/php/WP_CLI/Dispatcher/CommandFactory.php:100}($callback = [0 => class Core_Command {  }, 1 => 'check_update'], ...$args = variadic(['field' => 'version', 'format' => 'table'])) phar://D:/Local/resources/extraResources/bin/wp-cli/wp-cli.phar/vendor/wp-cli/wp-cli/php/WP_CLI/Dispatcher/CommandFactory.php:100
[20-Nov-2024 17:17:43 UTC] PHP  13. Core_Command->check_update($_ = [], $assoc_args = ['field' => 'version', 'format' => 'table']) phar://D:/Local/resources/extraResources/bin/wp-cli/wp-cli.phar/vendor/wp-cli/wp-cli/php/WP_CLI/Dispatcher/CommandFactory.php:100
[20-Nov-2024 17:17:43 UTC] PHP  14. Core_Command->get_updates($assoc_args = ['field' => 'version', 'format' => 'table']) phar://D:/Local/resources/extraResources/bin/wp-cli/wp-cli.phar/vendor/wp-cli/core-command/src/Core_Command.php:81
[20-Nov-2024 17:17:43 UTC] PHP  15. wp_version_check($extra_stats = [], $force_check = NULL) phar://D:/Local/resources/extraResources/bin/wp-cli/wp-cli.phar/vendor/wp-cli/core-command/src/Core_Command.php:1361
[20-Nov-2024 17:17:43 UTC] PHP  16. wp_trigger_error($function_name = 'wp_version_check', $message = 'Une erreur imprévue s’est produite. Il pourrait y avoir un problème avec WordPress.org ou la configuration de ce serveur. Si vous continuez à rencontrer ce problème, veuillez vous rendre sur les <a href="https://wpfr.net/support">forums de support</a>. (WordPress n’a pas pu établir de connexion sécurisée vers WordPress.org. Veuillez contacter l’administrateur ou l’administratrice de votre serveur.)', $error_level = 512) D:\Web-Agency\planty\app\public\wp-includes\update.php:207
[20-Nov-2024 17:17:43 UTC] PHP  17. trigger_error($message = 'wp_version_check(): Une erreur imprévue s’est produite. Il pourrait y avoir un problème avec WordPress.org ou la configuration de ce serveur. Si vous continuez à rencontrer ce problème, veuillez vous rendre sur les <a href="https://wpfr.net/support">forums de support</a>. (WordPress n’a pas pu établir de connexion sécurisée vers WordPress.org. Veuillez contacter l’administrateur ou l’administratrice de votre serveur.)', $error_level = 512) D:\Web-Agency\planty\app\public\wp-includes\functions.php:6114
[20-Nov-2024 17:18:47 UTC] Automatic updates starting...
[20-Nov-2024 17:18:48 UTC]   Automatic plugin updates starting...
[20-Nov-2024 17:18:48 UTC]     Upgrading plugin 'elementor'...
[20-Nov-2024 17:18:52 UTC]     Plugin 'elementor' has been upgraded.
[20-Nov-2024 17:18:54 UTC]     Scraping home page...
[20-Nov-2024 17:46:01 UTC] PHP Warning:  wp_version_check(): Une erreur imprévue s’est produite. Il pourrait y avoir un problème avec WordPress.org ou la configuration de ce serveur. Si vous continuez à rencontrer ce problème, veuillez vous rendre sur les <a href="https://wpfr.net/support">forums de support</a>. (WordPress n’a pas pu établir de connexion sécurisée vers WordPress.org. Veuillez contacter l’administrateur ou l’administratrice de votre serveur.) in D:\Web-Agency\planty\app\public\wp-includes\functions.php on line 6114
[20-Nov-2024 17:46:01 UTC] PHP Stack trace:
[20-Nov-2024 17:46:01 UTC] PHP   1. {main}() D:\Local\resources\extraResources\bin\wp-cli\wp-cli.phar:0
[20-Nov-2024 17:46:01 UTC] PHP   2. include() D:\Local\resources\extraResources\bin\wp-cli\wp-cli.phar:4
[20-Nov-2024 17:46:01 UTC] PHP   3. include() phar://D:/Local/resources/extraResources/bin/wp-cli/wp-cli.phar/php/boot-phar.php:20
[20-Nov-2024 17:46:01 UTC] PHP   4. WP_CLI\bootstrap() phar://D:/Local/resources/extraResources/bin/wp-cli/wp-cli.phar/vendor/wp-cli/wp-cli/php/wp-cli.php:32
[20-Nov-2024 17:46:01 UTC] PHP   5. WP_CLI\Bootstrap\LaunchRunner->process($state = class WP_CLI\Bootstrap\BootstrapState { private $state = ['context_manager' => class WP_CLI\ContextManager { ... }] }) phar://D:/Local/resources/extraResources/bin/wp-cli/wp-cli.phar/vendor/wp-cli/wp-cli/php/bootstrap.php:83
[20-Nov-2024 17:46:01 UTC] PHP   6. WP_CLI\Runner->start() phar://D:/Local/resources/extraResources/bin/wp-cli/wp-cli.phar/vendor/wp-cli/wp-cli/php/WP_CLI/Bootstrap/LaunchRunner.php:28
[20-Nov-2024 17:46:01 UTC] PHP   7. WP_CLI\Runner->run_command_and_exit($help_exit_warning = *uninitialized*) phar://D:/Local/resources/extraResources/bin/wp-cli/wp-cli.phar/vendor/wp-cli/wp-cli/php/WP_CLI/Runner.php:1295
[20-Nov-2024 17:46:01 UTC] PHP   8. WP_CLI\Runner->run_command($args = [0 => 'core', 1 => 'check-update'], $assoc_args = ['field' => 'version'], $options = *uninitialized*) phar://D:/Local/resources/extraResources/bin/wp-cli/wp-cli.phar/vendor/wp-cli/wp-cli/php/WP_CLI/Runner.php:464
[20-Nov-2024 17:46:01 UTC] PHP   9. WP_CLI\Dispatcher\Subcommand->invoke($args = [], $assoc_args = ['field' => 'version'], $extra_args = []) phar://D:/Local/resources/extraResources/bin/wp-cli/wp-cli.phar/vendor/wp-cli/wp-cli/php/WP_CLI/Runner.php:441
[20-Nov-2024 17:46:01 UTC] PHP  10. call_user_func:{phar://D:/Local/resources/extraResources/bin/wp-cli/wp-cli.phar/vendor/wp-cli/wp-cli/php/WP_CLI/Dispatcher/Subcommand.php:497}($callback = class Closure { public $static = ['callable' => [...]]; public $parameter = ['$args' => '<required>', '$assoc_args' => '<required>'] }, ...$args = variadic(['field' => 'version', 'format' => 'table'])) phar://D:/Local/resources/extraResources/bin/wp-cli/wp-cli.phar/vendor/wp-cli/wp-cli/php/WP_CLI/Dispatcher/Subcommand.php:497
[20-Nov-2024 17:46:01 UTC] PHP  11. WP_CLI\Dispatcher\CommandFactory::WP_CLI\Dispatcher\{closure:phar://D:/Local/resources/extraResources/bin/wp-cli/wp-cli.phar/vendor/wp-cli/wp-cli/php/WP_CLI/Dispatcher/CommandFactory.php:97-104}($args = [], $assoc_args = ['field' => 'version', 'format' => 'table']) phar://D:/Local/resources/extraResources/bin/wp-cli/wp-cli.phar/vendor/wp-cli/wp-cli/php/WP_CLI/Dispatcher/Subcommand.php:497
[20-Nov-2024 17:46:01 UTC] PHP  12. call_user_func:{phar://D:/Local/resources/extraResources/bin/wp-cli/wp-cli.phar/vendor/wp-cli/wp-cli/php/WP_CLI/Dispatcher/CommandFactory.php:100}($callback = [0 => class Core_Command {  }, 1 => 'check_update'], ...$args = variadic(['field' => 'version', 'format' => 'table'])) phar://D:/Local/resources/extraResources/bin/wp-cli/wp-cli.phar/vendor/wp-cli/wp-cli/php/WP_CLI/Dispatcher/CommandFactory.php:100
[20-Nov-2024 17:46:01 UTC] PHP  13. Core_Command->check_update($_ = [], $assoc_args = ['field' => 'version', 'format' => 'table']) phar://D:/Local/resources/extraResources/bin/wp-cli/wp-cli.phar/vendor/wp-cli/wp-cli/php/WP_CLI/Dispatcher/CommandFactory.php:100
[20-Nov-2024 17:46:01 UTC] PHP Warning:  wp_version_check(): Une erreur imprévue s’est produite. Il pourrait y avoir un problème avec WordPress.org ou la configuration de ce serveur. Si vous continuez à rencontrer ce problème, veuillez vous rendre sur les <a href="https://wpfr.net/support">forums de support</a>. (WordPress n’a pas pu établir de connexion sécurisée vers WordPress.org. Veuillez contacter l’administrateur ou l’administratrice de votre serveur.) in D:\Web-Agency\planty\app\public\wp-includes\functions.php on line 6114
[20-Nov-2024 17:46:01 UTC] PHP  14. Core_Command->get_updates($assoc_args = ['field' => 'version', 'format' => 'table']) phar://D:/Local/resources/extraResources/bin/wp-cli/wp-cli.phar/vendor/wp-cli/core-command/src/Core_Command.php:81
[20-Nov-2024 17:46:01 UTC] PHP  15. wp_version_check($extra_stats = [], $force_check = NULL) phar://D:/Local/resources/extraResources/bin/wp-cli/wp-cli.phar/vendor/wp-cli/core-command/src/Core_Command.php:1361
[20-Nov-2024 17:46:01 UTC] PHP Stack trace:
[20-Nov-2024 17:46:01 UTC] PHP  16. wp_trigger_error($function_name = 'wp_version_check', $message = 'Une erreur imprévue s’est produite. Il pourrait y avoir un problème avec WordPress.org ou la configuration de ce serveur. Si vous continuez à rencontrer ce problème, veuillez vous rendre sur les <a href="https://wpfr.net/support">forums de support</a>. (WordPress n’a pas pu établir de connexion sécurisée vers WordPress.org. Veuillez contacter l’administrateur ou l’administratrice de votre serveur.)', $error_level = 512) D:\Web-Agency\planty\app\public\wp-includes\update.php:207
[20-Nov-2024 17:46:01 UTC] PHP   1. {main}() D:\Local\resources\extraResources\bin\wp-cli\wp-cli.phar:0
[20-Nov-2024 17:46:01 UTC] PHP   2. include() D:\Local\resources\extraResources\bin\wp-cli\wp-cli.phar:4
[20-Nov-2024 17:46:01 UTC] PHP  17. trigger_error($message = 'wp_version_check(): Une erreur imprévue s’est produite. Il pourrait y avoir un problème avec WordPress.org ou la configuration de ce serveur. Si vous continuez à rencontrer ce problème, veuillez vous rendre sur les <a href="https://wpfr.net/support">forums de support</a>. (WordPress n’a pas pu établir de connexion sécurisée vers WordPress.org. Veuillez contacter l’administrateur ou l’administratrice de votre serveur.)', $error_level = 512) D:\Web-Agency\planty\app\public\wp-includes\functions.php:6114
[20-Nov-2024 17:46:01 UTC] PHP   3. include() phar://D:/Local/resources/extraResources/bin/wp-cli/wp-cli.phar/php/boot-phar.php:20
[20-Nov-2024 17:46:01 UTC] PHP   4. WP_CLI\bootstrap() phar://D:/Local/resources/extraResources/bin/wp-cli/wp-cli.phar/vendor/wp-cli/wp-cli/php/wp-cli.php:32
[20-Nov-2024 17:46:01 UTC] PHP   5. WP_CLI\Bootstrap\LaunchRunner->process($state = class WP_CLI\Bootstrap\BootstrapState { private $state = ['context_manager' => class WP_CLI\ContextManager { ... }] }) phar://D:/Local/resources/extraResources/bin/wp-cli/wp-cli.phar/vendor/wp-cli/wp-cli/php/bootstrap.php:83
[20-Nov-2024 17:46:01 UTC] PHP   6. WP_CLI\Runner->start() phar://D:/Local/resources/extraResources/bin/wp-cli/wp-cli.phar/vendor/wp-cli/wp-cli/php/WP_CLI/Bootstrap/LaunchRunner.php:28
[20-Nov-2024 17:46:01 UTC] PHP   7. WP_CLI\Runner->run_command_and_exit($help_exit_warning = *uninitialized*) phar://D:/Local/resources/extraResources/bin/wp-cli/wp-cli.phar/vendor/wp-cli/wp-cli/php/WP_CLI/Runner.php:1295
[20-Nov-2024 17:46:01 UTC] PHP   8. WP_CLI\Runner->run_command($args = [0 => 'core', 1 => 'check-update'], $assoc_args = ['field' => 'version'], $options = *uninitialized*) phar://D:/Local/resources/extraResources/bin/wp-cli/wp-cli.phar/vendor/wp-cli/wp-cli/php/WP_CLI/Runner.php:464
[20-Nov-2024 17:46:01 UTC] PHP   9. WP_CLI\Dispatcher\Subcommand->invoke($args = [], $assoc_args = ['field' => 'version'], $extra_args = []) phar://D:/Local/resources/extraResources/bin/wp-cli/wp-cli.phar/vendor/wp-cli/wp-cli/php/WP_CLI/Runner.php:441
[20-Nov-2024 17:46:01 UTC] PHP  10. call_user_func:{phar://D:/Local/resources/extraResources/bin/wp-cli/wp-cli.phar/vendor/wp-cli/wp-cli/php/WP_CLI/Dispatcher/Subcommand.php:497}($callback = class Closure { public $static = ['callable' => [...]]; public $parameter = ['$args' => '<required>', '$assoc_args' => '<required>'] }, ...$args = variadic(['field' => 'version', 'format' => 'table'])) phar://D:/Local/resources/extraResources/bin/wp-cli/wp-cli.phar/vendor/wp-cli/wp-cli/php/WP_CLI/Dispatcher/Subcommand.php:497
[20-Nov-2024 17:46:01 UTC] PHP  11. WP_CLI\Dispatcher\CommandFactory::WP_CLI\Dispatcher\{closure:phar://D:/Local/resources/extraResources/bin/wp-cli/wp-cli.phar/vendor/wp-cli/wp-cli/php/WP_CLI/Dispatcher/CommandFactory.php:97-104}($args = [], $assoc_args = ['field' => 'version', 'format' => 'table']) phar://D:/Local/resources/extraResources/bin/wp-cli/wp-cli.phar/vendor/wp-cli/wp-cli/php/WP_CLI/Dispatcher/Subcommand.php:497
[20-Nov-2024 17:46:01 UTC] PHP  12. call_user_func:{phar://D:/Local/resources/extraResources/bin/wp-cli/wp-cli.phar/vendor/wp-cli/wp-cli/php/WP_CLI/Dispatcher/CommandFactory.php:100}($callback = [0 => class Core_Command {  }, 1 => 'check_update'], ...$args = variadic(['field' => 'version', 'format' => 'table'])) phar://D:/Local/resources/extraResources/bin/wp-cli/wp-cli.phar/vendor/wp-cli/wp-cli/php/WP_CLI/Dispatcher/CommandFactory.php:100
[20-Nov-2024 17:46:01 UTC] PHP  13. Core_Command->check_update($_ = [], $assoc_args = ['field' => 'version', 'format' => 'table']) phar://D:/Local/resources/extraResources/bin/wp-cli/wp-cli.phar/vendor/wp-cli/wp-cli/php/WP_CLI/Dispatcher/CommandFactory.php:100
[20-Nov-2024 17:46:01 UTC] PHP  14. Core_Command->get_updates($assoc_args = ['field' => 'version', 'format' => 'table']) phar://D:/Local/resources/extraResources/bin/wp-cli/wp-cli.phar/vendor/wp-cli/core-command/src/Core_Command.php:81
[20-Nov-2024 17:46:01 UTC] PHP  15. wp_version_check($extra_stats = [], $force_check = NULL) phar://D:/Local/resources/extraResources/bin/wp-cli/wp-cli.phar/vendor/wp-cli/core-command/src/Core_Command.php:1361
[20-Nov-2024 17:46:01 UTC] PHP  16. wp_trigger_error($function_name = 'wp_version_check', $message = 'Une erreur imprévue s’est produite. Il pourrait y avoir un problème avec WordPress.org ou la configuration de ce serveur. Si vous continuez à rencontrer ce problème, veuillez vous rendre sur les <a href="https://wpfr.net/support">forums de support</a>. (WordPress n’a pas pu établir de connexion sécurisée vers WordPress.org. Veuillez contacter l’administrateur ou l’administratrice de votre serveur.)', $error_level = 512) D:\Web-Agency\planty\app\public\wp-includes\update.php:207
[20-Nov-2024 17:46:01 UTC] PHP  17. trigger_error($message = 'wp_version_check(): Une erreur imprévue s’est produite. Il pourrait y avoir un problème avec WordPress.org ou la configuration de ce serveur. Si vous continuez à rencontrer ce problème, veuillez vous rendre sur les <a href="https://wpfr.net/support">forums de support</a>. (WordPress n’a pas pu établir de connexion sécurisée vers WordPress.org. Veuillez contacter l’administrateur ou l’administratrice de votre serveur.)', $error_level = 512) D:\Web-Agency\planty\app\public\wp-includes\functions.php:6114
[20-Nov-2024 18:00:47 UTC] PHP Warning:  wp_version_check(): Une erreur imprévue s’est produite. Il pourrait y avoir un problème avec WordPress.org ou la configuration de ce serveur. Si vous continuez à rencontrer ce problème, veuillez vous rendre sur les <a href="https://wpfr.net/support">forums de support</a>. (WordPress n’a pas pu établir de connexion sécurisée vers WordPress.org. Veuillez contacter l’administrateur ou l’administratrice de votre serveur.) in D:\Web-Agency\planty\app\public\wp-includes\functions.php on line 6114
[20-Nov-2024 18:00:47 UTC] PHP Stack trace:
[20-Nov-2024 18:00:47 UTC] PHP   1. {main}() D:\Local\resources\extraResources\bin\wp-cli\wp-cli.phar:0
[20-Nov-2024 18:00:47 UTC] PHP   2. include() D:\Local\resources\extraResources\bin\wp-cli\wp-cli.phar:4
[20-Nov-2024 18:00:47 UTC] PHP   3. include() phar://D:/Local/resources/extraResources/bin/wp-cli/wp-cli.phar/php/boot-phar.php:20
[20-Nov-2024 18:00:47 UTC] PHP   4. WP_CLI\bootstrap() phar://D:/Local/resources/extraResources/bin/wp-cli/wp-cli.phar/vendor/wp-cli/wp-cli/php/wp-cli.php:32
[20-Nov-2024 18:00:47 UTC] PHP   5. WP_CLI\Bootstrap\LaunchRunner->process($state = class WP_CLI\Bootstrap\BootstrapState { private $state = ['context_manager' => class WP_CLI\ContextManager { ... }] }) phar://D:/Local/resources/extraResources/bin/wp-cli/wp-cli.phar/vendor/wp-cli/wp-cli/php/bootstrap.php:83
[20-Nov-2024 18:00:47 UTC] PHP   6. WP_CLI\Runner->start() phar://D:/Local/resources/extraResources/bin/wp-cli/wp-cli.phar/vendor/wp-cli/wp-cli/php/WP_CLI/Bootstrap/LaunchRunner.php:28
[20-Nov-2024 18:00:47 UTC] PHP   7. WP_CLI\Runner->run_command_and_exit($help_exit_warning = *uninitialized*) phar://D:/Local/resources/extraResources/bin/wp-cli/wp-cli.phar/vendor/wp-cli/wp-cli/php/WP_CLI/Runner.php:1295
[20-Nov-2024 18:00:47 UTC] PHP   8. WP_CLI\Runner->run_command($args = [0 => 'core', 1 => 'check-update'], $assoc_args = ['field' => 'version'], $options = *uninitialized*) phar://D:/Local/resources/extraResources/bin/wp-cli/wp-cli.phar/vendor/wp-cli/wp-cli/php/WP_CLI/Runner.php:464
[20-Nov-2024 18:00:47 UTC] PHP   9. WP_CLI\Dispatcher\Subcommand->invoke($args = [], $assoc_args = ['field' => 'version'], $extra_args = []) phar://D:/Local/resources/extraResources/bin/wp-cli/wp-cli.phar/vendor/wp-cli/wp-cli/php/WP_CLI/Runner.php:441
[20-Nov-2024 18:00:47 UTC] PHP  10. call_user_func:{phar://D:/Local/resources/extraResources/bin/wp-cli/wp-cli.phar/vendor/wp-cli/wp-cli/php/WP_CLI/Dispatcher/Subcommand.php:497}($callback = class Closure { public $static = ['callable' => [...]]; public $parameter = ['$args' => '<required>', '$assoc_args' => '<required>'] }, ...$args = variadic(['field' => 'version', 'format' => 'table'])) phar://D:/Local/resources/extraResources/bin/wp-cli/wp-cli.phar/vendor/wp-cli/wp-cli/php/WP_CLI/Dispatcher/Subcommand.php:497
[20-Nov-2024 18:00:47 UTC] PHP  11. WP_CLI\Dispatcher\CommandFactory::WP_CLI\Dispatcher\{closure:phar://D:/Local/resources/extraResources/bin/wp-cli/wp-cli.phar/vendor/wp-cli/wp-cli/php/WP_CLI/Dispatcher/CommandFactory.php:97-104}($args = [], $assoc_args = ['field' => 'version', 'format' => 'table']) phar://D:/Local/resources/extraResources/bin/wp-cli/wp-cli.phar/vendor/wp-cli/wp-cli/php/WP_CLI/Dispatcher/Subcommand.php:497
[20-Nov-2024 18:00:47 UTC] PHP  12. call_user_func:{phar://D:/Local/resources/extraResources/bin/wp-cli/wp-cli.phar/vendor/wp-cli/wp-cli/php/WP_CLI/Dispatcher/CommandFactory.php:100}($callback = [0 => class Core_Command {  }, 1 => 'check_update'], ...$args = variadic(['field' => 'version', 'format' => 'table'])) phar://D:/Local/resources/extraResources/bin/wp-cli/wp-cli.phar/vendor/wp-cli/wp-cli/php/WP_CLI/Dispatcher/CommandFactory.php:100
[20-Nov-2024 18:00:47 UTC] PHP  13. Core_Command->check_update($_ = [], $assoc_args = ['field' => 'version', 'format' => 'table']) phar://D:/Local/resources/extraResources/bin/wp-cli/wp-cli.phar/vendor/wp-cli/wp-cli/php/WP_CLI/Dispatcher/CommandFactory.php:100
[20-Nov-2024 18:00:47 UTC] PHP  14. Core_Command->get_updates($assoc_args = ['field' => 'version', 'format' => 'table']) phar://D:/Local/resources/extraResources/bin/wp-cli/wp-cli.phar/vendor/wp-cli/core-command/src/Core_Command.php:81
[20-Nov-2024 18:00:47 UTC] PHP  15. wp_version_check($extra_stats = [], $force_check = NULL) phar://D:/Local/resources/extraResources/bin/wp-cli/wp-cli.phar/vendor/wp-cli/core-command/src/Core_Command.php:1361
[20-Nov-2024 18:00:47 UTC] PHP  16. wp_trigger_error($function_name = 'wp_version_check', $message = 'Une erreur imprévue s’est produite. Il pourrait y avoir un problème avec WordPress.org ou la configuration de ce serveur. Si vous continuez à rencontrer ce problème, veuillez vous rendre sur les <a href="https://wpfr.net/support">forums de support</a>. (WordPress n’a pas pu établir de connexion sécurisée vers WordPress.org. Veuillez contacter l’administrateur ou l’administratrice de votre serveur.)', $error_level = 512) D:\Web-Agency\planty\app\public\wp-includes\update.php:207
[20-Nov-2024 18:00:47 UTC] PHP  17. trigger_error($message = 'wp_version_check(): Une erreur imprévue s’est produite. Il pourrait y avoir un problème avec WordPress.org ou la configuration de ce serveur. Si vous continuez à rencontrer ce problème, veuillez vous rendre sur les <a href="https://wpfr.net/support">forums de support</a>. (WordPress n’a pas pu établir de connexion sécurisée vers WordPress.org. Veuillez contacter l’administrateur ou l’administratrice de votre serveur.)', $error_level = 512) D:\Web-Agency\planty\app\public\wp-includes\functions.php:6114
[20-Nov-2024 18:02:03 UTC] PHP Warning:  wp_version_check(): Une erreur imprévue s’est produite. Il pourrait y avoir un problème avec WordPress.org ou la configuration de ce serveur. Si vous continuez à rencontrer ce problème, veuillez vous rendre sur les <a href="https://wpfr.net/support">forums de support</a>. (WordPress n’a pas pu établir de connexion sécurisée vers WordPress.org. Veuillez contacter l’administrateur ou l’administratrice de votre serveur.) in D:\Web-Agency\planty\app\public\wp-includes\functions.php on line 6114
[20-Nov-2024 18:02:03 UTC] PHP Stack trace:
[20-Nov-2024 18:02:03 UTC] PHP   1. {main}() D:\Local\resources\extraResources\bin\wp-cli\wp-cli.phar:0
[20-Nov-2024 18:02:03 UTC] PHP   2. include() D:\Local\resources\extraResources\bin\wp-cli\wp-cli.phar:4
[20-Nov-2024 18:02:03 UTC] PHP   3. include() phar://D:/Local/resources/extraResources/bin/wp-cli/wp-cli.phar/php/boot-phar.php:20
[20-Nov-2024 18:02:03 UTC] PHP   4. WP_CLI\bootstrap() phar://D:/Local/resources/extraResources/bin/wp-cli/wp-cli.phar/vendor/wp-cli/wp-cli/php/wp-cli.php:32
[20-Nov-2024 18:02:03 UTC] PHP   5. WP_CLI\Bootstrap\LaunchRunner->process($state = class WP_CLI\Bootstrap\BootstrapState { private $state = ['context_manager' => class WP_CLI\ContextManager { ... }] }) phar://D:/Local/resources/extraResources/bin/wp-cli/wp-cli.phar/vendor/wp-cli/wp-cli/php/bootstrap.php:83
[20-Nov-2024 18:02:03 UTC] PHP   6. WP_CLI\Runner->start() phar://D:/Local/resources/extraResources/bin/wp-cli/wp-cli.phar/vendor/wp-cli/wp-cli/php/WP_CLI/Bootstrap/LaunchRunner.php:28
[20-Nov-2024 18:02:03 UTC] PHP   7. WP_CLI\Runner->run_command_and_exit($help_exit_warning = *uninitialized*) phar://D:/Local/resources/extraResources/bin/wp-cli/wp-cli.phar/vendor/wp-cli/wp-cli/php/WP_CLI/Runner.php:1295
[20-Nov-2024 18:02:03 UTC] PHP   8. WP_CLI\Runner->run_command($args = [0 => 'core', 1 => 'check-update'], $assoc_args = ['field' => 'version'], $options = *uninitialized*) phar://D:/Local/resources/extraResources/bin/wp-cli/wp-cli.phar/vendor/wp-cli/wp-cli/php/WP_CLI/Runner.php:464
[20-Nov-2024 18:02:03 UTC] PHP   9. WP_CLI\Dispatcher\Subcommand->invoke($args = [], $assoc_args = ['field' => 'version'], $extra_args = []) phar://D:/Local/resources/extraResources/bin/wp-cli/wp-cli.phar/vendor/wp-cli/wp-cli/php/WP_CLI/Runner.php:441
[20-Nov-2024 18:02:03 UTC] PHP  10. call_user_func:{phar://D:/Local/resources/extraResources/bin/wp-cli/wp-cli.phar/vendor/wp-cli/wp-cli/php/WP_CLI/Dispatcher/Subcommand.php:497}($callback = class Closure { public $static = ['callable' => [...]]; public $parameter = ['$args' => '<required>', '$assoc_args' => '<required>'] }, ...$args = variadic(['field' => 'version', 'format' => 'table'])) phar://D:/Local/resources/extraResources/bin/wp-cli/wp-cli.phar/vendor/wp-cli/wp-cli/php/WP_CLI/Dispatcher/Subcommand.php:497
[20-Nov-2024 18:02:03 UTC] PHP  11. WP_CLI\Dispatcher\CommandFactory::WP_CLI\Dispatcher\{closure:phar://D:/Local/resources/extraResources/bin/wp-cli/wp-cli.phar/vendor/wp-cli/wp-cli/php/WP_CLI/Dispatcher/CommandFactory.php:97-104}($args = [], $assoc_args = ['field' => 'version', 'format' => 'table']) phar://D:/Local/resources/extraResources/bin/wp-cli/wp-cli.phar/vendor/wp-cli/wp-cli/php/WP_CLI/Dispatcher/Subcommand.php:497
[20-Nov-2024 18:02:03 UTC] PHP  12. call_user_func:{phar://D:/Local/resources/extraResources/bin/wp-cli/wp-cli.phar/vendor/wp-cli/wp-cli/php/WP_CLI/Dispatcher/CommandFactory.php:100}($callback = [0 => class Core_Command {  }, 1 => 'check_update'], ...$args = variadic(['field' => 'version', 'format' => 'table'])) phar://D:/Local/resources/extraResources/bin/wp-cli/wp-cli.phar/vendor/wp-cli/wp-cli/php/WP_CLI/Dispatcher/CommandFactory.php:100
[20-Nov-2024 18:02:03 UTC] PHP  13. Core_Command->check_update($_ = [], $assoc_args = ['field' => 'version', 'format' => 'table']) phar://D:/Local/resources/extraResources/bin/wp-cli/wp-cli.phar/vendor/wp-cli/wp-cli/php/WP_CLI/Dispatcher/CommandFactory.php:100
[20-Nov-2024 18:02:03 UTC] PHP  14. Core_Command->get_updates($assoc_args = ['field' => 'version', 'format' => 'table']) phar://D:/Local/resources/extraResources/bin/wp-cli/wp-cli.phar/vendor/wp-cli/core-command/src/Core_Command.php:81
[20-Nov-2024 18:02:03 UTC] PHP  15. wp_version_check($extra_stats = [], $force_check = NULL) phar://D:/Local/resources/extraResources/bin/wp-cli/wp-cli.phar/vendor/wp-cli/core-command/src/Core_Command.php:1361
[20-Nov-2024 18:02:03 UTC] PHP  16. wp_trigger_error($function_name = 'wp_version_check', $message = 'Une erreur imprévue s’est produite. Il pourrait y avoir un problème avec WordPress.org ou la configuration de ce serveur. Si vous continuez à rencontrer ce problème, veuillez vous rendre sur les <a href="https://wpfr.net/support">forums de support</a>. (WordPress n’a pas pu établir de connexion sécurisée vers WordPress.org. Veuillez contacter l’administrateur ou l’administratrice de votre serveur.)', $error_level = 512) D:\Web-Agency\planty\app\public\wp-includes\update.php:207
[20-Nov-2024 18:02:03 UTC] PHP  17. trigger_error($message = 'wp_version_check(): Une erreur imprévue s’est produite. Il pourrait y avoir un problème avec WordPress.org ou la configuration de ce serveur. Si vous continuez à rencontrer ce problème, veuillez vous rendre sur les <a href="https://wpfr.net/support">forums de support</a>. (WordPress n’a pas pu établir de connexion sécurisée vers WordPress.org. Veuillez contacter l’administrateur ou l’administratrice de votre serveur.)', $error_level = 512) D:\Web-Agency\planty\app\public\wp-includes\functions.php:6114
[20-Nov-2024 18:02:03 UTC] PHP Warning:  wp_version_check(): Une erreur imprévue s’est produite. Il pourrait y avoir un problème avec WordPress.org ou la configuration de ce serveur. Si vous continuez à rencontrer ce problème, veuillez vous rendre sur les <a href="https://wpfr.net/support">forums de support</a>. (WordPress n’a pas pu établir de connexion sécurisée vers WordPress.org. Veuillez contacter l’administrateur ou l’administratrice de votre serveur.) in D:\Web-Agency\planty\app\public\wp-includes\functions.php on line 6114
[20-Nov-2024 18:02:03 UTC] PHP Stack trace:
[20-Nov-2024 18:02:03 UTC] PHP   1. {main}() D:\Local\resources\extraResources\bin\wp-cli\wp-cli.phar:0
[20-Nov-2024 18:02:03 UTC] PHP   2. include() D:\Local\resources\extraResources\bin\wp-cli\wp-cli.phar:4
[20-Nov-2024 18:02:03 UTC] PHP   3. include() phar://D:/Local/resources/extraResources/bin/wp-cli/wp-cli.phar/php/boot-phar.php:20
[20-Nov-2024 18:02:03 UTC] PHP   4. WP_CLI\bootstrap() phar://D:/Local/resources/extraResources/bin/wp-cli/wp-cli.phar/vendor/wp-cli/wp-cli/php/wp-cli.php:32
[20-Nov-2024 18:02:03 UTC] PHP   5. WP_CLI\Bootstrap\LaunchRunner->process($state = class WP_CLI\Bootstrap\BootstrapState { private $state = ['context_manager' => class WP_CLI\ContextManager { ... }] }) phar://D:/Local/resources/extraResources/bin/wp-cli/wp-cli.phar/vendor/wp-cli/wp-cli/php/bootstrap.php:83
[20-Nov-2024 18:02:03 UTC] PHP   6. WP_CLI\Runner->start() phar://D:/Local/resources/extraResources/bin/wp-cli/wp-cli.phar/vendor/wp-cli/wp-cli/php/WP_CLI/Bootstrap/LaunchRunner.php:28
[20-Nov-2024 18:02:03 UTC] PHP   7. WP_CLI\Runner->run_command_and_exit($help_exit_warning = *uninitialized*) phar://D:/Local/resources/extraResources/bin/wp-cli/wp-cli.phar/vendor/wp-cli/wp-cli/php/WP_CLI/Runner.php:1295
[20-Nov-2024 18:02:03 UTC] PHP   8. WP_CLI\Runner->run_command($args = [0 => 'core', 1 => 'check-update'], $assoc_args = ['field' => 'version'], $options = *uninitialized*) phar://D:/Local/resources/extraResources/bin/wp-cli/wp-cli.phar/vendor/wp-cli/wp-cli/php/WP_CLI/Runner.php:464
[20-Nov-2024 18:02:03 UTC] PHP   9. WP_CLI\Dispatcher\Subcommand->invoke($args = [], $assoc_args = ['field' => 'version'], $extra_args = []) phar://D:/Local/resources/extraResources/bin/wp-cli/wp-cli.phar/vendor/wp-cli/wp-cli/php/WP_CLI/Runner.php:441
[20-Nov-2024 18:02:03 UTC] PHP  10. call_user_func:{phar://D:/Local/resources/extraResources/bin/wp-cli/wp-cli.phar/vendor/wp-cli/wp-cli/php/WP_CLI/Dispatcher/Subcommand.php:497}($callback = class Closure { public $static = ['callable' => [...]]; public $parameter = ['$args' => '<required>', '$assoc_args' => '<required>'] }, ...$args = variadic(['field' => 'version', 'format' => 'table'])) phar://D:/Local/resources/extraResources/bin/wp-cli/wp-cli.phar/vendor/wp-cli/wp-cli/php/WP_CLI/Dispatcher/Subcommand.php:497
[20-Nov-2024 18:02:03 UTC] PHP  11. WP_CLI\Dispatcher\CommandFactory::WP_CLI\Dispatcher\{closure:phar://D:/Local/resources/extraResources/bin/wp-cli/wp-cli.phar/vendor/wp-cli/wp-cli/php/WP_CLI/Dispatcher/CommandFactory.php:97-104}($args = [], $assoc_args = ['field' => 'version', 'format' => 'table']) phar://D:/Local/resources/extraResources/bin/wp-cli/wp-cli.phar/vendor/wp-cli/wp-cli/php/WP_CLI/Dispatcher/Subcommand.php:497
[20-Nov-2024 18:02:03 UTC] PHP  12. call_user_func:{phar://D:/Local/resources/extraResources/bin/wp-cli/wp-cli.phar/vendor/wp-cli/wp-cli/php/WP_CLI/Dispatcher/CommandFactory.php:100}($callback = [0 => class Core_Command {  }, 1 => 'check_update'], ...$args = variadic(['field' => 'version', 'format' => 'table'])) phar://D:/Local/resources/extraResources/bin/wp-cli/wp-cli.phar/vendor/wp-cli/wp-cli/php/WP_CLI/Dispatcher/CommandFactory.php:100
[20-Nov-2024 18:02:03 UTC] PHP  13. Core_Command->check_update($_ = [], $assoc_args = ['field' => 'version', 'format' => 'table']) phar://D:/Local/resources/extraResources/bin/wp-cli/wp-cli.phar/vendor/wp-cli/wp-cli/php/WP_CLI/Dispatcher/CommandFactory.php:100
[20-Nov-2024 18:02:03 UTC] PHP  14. Core_Command->get_updates($assoc_args = ['field' => 'version', 'format' => 'table']) phar://D:/Local/resources/extraResources/bin/wp-cli/wp-cli.phar/vendor/wp-cli/core-command/src/Core_Command.php:81
[20-Nov-2024 18:02:03 UTC] PHP  15. wp_version_check($extra_stats = [], $force_check = NULL) phar://D:/Local/resources/extraResources/bin/wp-cli/wp-cli.phar/vendor/wp-cli/core-command/src/Core_Command.php:1361
[20-Nov-2024 18:02:03 UTC] PHP  16. wp_trigger_error($function_name = 'wp_version_check', $message = 'Une erreur imprévue s’est produite. Il pourrait y avoir un problème avec WordPress.org ou la configuration de ce serveur. Si vous continuez à rencontrer ce problème, veuillez vous rendre sur les <a href="https://wpfr.net/support">forums de support</a>. (WordPress n’a pas pu établir de connexion sécurisée vers WordPress.org. Veuillez contacter l’administrateur ou l’administratrice de votre serveur.)', $error_level = 512) D:\Web-Agency\planty\app\public\wp-includes\update.php:207
[20-Nov-2024 18:02:03 UTC] PHP  17. trigger_error($message = 'wp_version_check(): Une erreur imprévue s’est produite. Il pourrait y avoir un problème avec WordPress.org ou la configuration de ce serveur. Si vous continuez à rencontrer ce problème, veuillez vous rendre sur les <a href="https://wpfr.net/support">forums de support</a>. (WordPress n’a pas pu établir de connexion sécurisée vers WordPress.org. Veuillez contacter l’administrateur ou l’administratrice de votre serveur.)', $error_level = 512) D:\Web-Agency\planty\app\public\wp-includes\functions.php:6114
[21-Nov-2024 14:02:22 UTC] PHP Warning:  mysqli_real_connect(): (HY000/2002): Aucune connexion n’a pu être établie car l’ordinateur cible l’a expressément refusée in D:\Web-Agency\planty\app\public\wp-includes\class-wpdb.php on line 1982
[21-Nov-2024 14:02:22 UTC] PHP Stack trace:
[21-Nov-2024 14:02:22 UTC] PHP   1. {main}() D:\Local\resources\extraResources\bin\wp-cli\wp-cli.phar:0
[21-Nov-2024 14:02:22 UTC] PHP   2. include() D:\Local\resources\extraResources\bin\wp-cli\wp-cli.phar:4
[21-Nov-2024 14:02:22 UTC] PHP   3. include() phar://D:/Local/resources/extraResources/bin/wp-cli/wp-cli.phar/php/boot-phar.php:20
[21-Nov-2024 14:02:22 UTC] PHP   4. WP_CLI\bootstrap() phar://D:/Local/resources/extraResources/bin/wp-cli/wp-cli.phar/vendor/wp-cli/wp-cli/php/wp-cli.php:32
[21-Nov-2024 14:02:22 UTC] PHP   5. WP_CLI\Bootstrap\LaunchRunner->process($state = class WP_CLI\Bootstrap\BootstrapState { private $state = ['context_manager' => class WP_CLI\ContextManager { ... }] }) phar://D:/Local/resources/extraResources/bin/wp-cli/wp-cli.phar/vendor/wp-cli/wp-cli/php/bootstrap.php:83
[21-Nov-2024 14:02:22 UTC] PHP   6. WP_CLI\Runner->start() phar://D:/Local/resources/extraResources/bin/wp-cli/wp-cli.phar/vendor/wp-cli/wp-cli/php/WP_CLI/Bootstrap/LaunchRunner.php:28
[21-Nov-2024 14:02:22 UTC] PHP   7. WP_CLI\Runner->load_wordpress() phar://D:/Local/resources/extraResources/bin/wp-cli/wp-cli.phar/vendor/wp-cli/wp-cli/php/WP_CLI/Runner.php:1293
[21-Nov-2024 14:02:22 UTC] PHP   8. require() phar://D:/Local/resources/extraResources/bin/wp-cli/wp-cli.phar/vendor/wp-cli/wp-cli/php/WP_CLI/Runner.php:1374
[21-Nov-2024 14:02:22 UTC] PHP   9. require_wp_db() D:\Web-Agency\planty\app\public\wp-settings.php:133
[21-Nov-2024 14:02:22 UTC] PHP  10. wpdb->__construct($dbuser = 'root', $dbpassword = 'root', $dbname = 'local', $dbhost = 'localhost') D:\Web-Agency\planty\app\public\wp-includes\load.php:695
[21-Nov-2024 14:02:22 UTC] PHP  11. wpdb->db_connect($allow_bail = *uninitialized*) D:\Web-Agency\planty\app\public\wp-includes\class-wpdb.php:767
[21-Nov-2024 14:02:22 UTC] PHP  12. mysqli_real_connect($mysql = class mysqli { public $client_info = 'mysqlnd 8.3.11'; public $client_version = 80311; public $connect_errno = 2002; public $connect_error = 'Aucune connexion n’a pu être établie car l’ordinateur cible l’a expressément refusée'; public $errno = 2002; public $error = 'Aucune connexion n’a pu être établie car l’ordinateur cible l’a expressément refusée' }, $hostname = 'localhost', $username = 'root', $password = '[Sensitive Parameter]', $database = NULL, $port = NULL, $socket = NULL, $flags = 0) D:\Web-Agency\planty\app\public\wp-includes\class-wpdb.php:1982
[21-Nov-2024 14:16:18 UTC] Automatic updates starting...
[21-Nov-2024 14:16:19 UTC] Automatic updates complete.
[21-Nov-2024 14:29:20 UTC] Automatic updates starting...
[21-Nov-2024 14:29:20 UTC] Automatic updates complete.
